2025-07-23 15:31:20,985 - INFO - DataManager initialized with data directory: backend\data
2025-07-23 15:31:21,009 - INFO - Loaded portfolio: Cash=Rs.10000.00, Holdings=0 positions
2025-07-23 15:31:21,009 - INFO - Loaded 0 trades from trade log
2025-07-23 15:31:21,026 - INFO - Initializing Stock Trading Bot for Indian market...
2025-07-23 15:31:21,027 - INFO - Trading bot initialized successfully
2025-07-23 15:31:21,027 - INFO - Starting FastAPI web server on http://127.0.0.1:5000
2025-07-23 15:31:21,027 - INFO - Web interface will be available at the above URL
2025-07-23 15:31:21,027 - INFO - API documentation available at http://{host}:{port}/docs
2025-07-23 15:31:21,079 - INFO - Loaded portfolio: Cash=Rs.10000.00, Holdings=0 positions
2025-07-23 15:31:21,079 - INFO - Loaded 0 trades from trade log
2025-07-23 15:31:21,093 - INFO - Initializing Stock Trading Bot for Indian market...
2025-07-23 15:31:21,094 - INFO - Trading bot initialized successfully
2025-07-23 15:31:21,096 - INFO - Trading bot initialized on startup
2025-07-23 15:37:42,117 - WARNING - Error fetching current prices: Too Many Requests. Rate limited. Try after a while.
2025-07-23 15:37:42,117 - ERROR - Error getting portfolio metrics: 'qty'
2025-07-23 15:38:11,649 - WARNING - Error fetching current prices: Too Many Requests. Rate limited. Try after a while.
2025-07-23 15:38:11,649 - ERROR - Error getting portfolio metrics: 'qty'
2025-07-23 15:38:43,143 - WARNING - Error fetching current prices: Too Many Requests. Rate limited. Try after a while.
2025-07-23 15:38:43,143 - ERROR - Error getting portfolio metrics: 'qty'
2025-07-23 15:39:43,434 - WARNING - Error fetching current prices: Too Many Requests. Rate limited. Try after a while.
2025-07-23 15:39:43,434 - ERROR - Error getting portfolio metrics: 'qty'
2025-07-23 15:40:43,053 - INFO - DataManager initialized with data directory: backend\data
2025-07-23 15:40:43,074 - INFO - Loaded portfolio: Cash=Rs.10000.00, Holdings=0 positions
2025-07-23 15:40:43,074 - INFO - Loaded 0 trades from trade log
2025-07-23 15:40:43,087 - INFO - Initializing Stock Trading Bot for Indian market...
2025-07-23 15:40:43,088 - INFO - Trading bot initialized successfully
2025-07-23 15:40:43,089 - INFO - Starting FastAPI web server on http://127.0.0.1:5000
2025-07-23 15:40:43,089 - INFO - Web interface will be available at the above URL
2025-07-23 15:40:43,089 - INFO - API documentation available at http://{host}:{port}/docs
2025-07-23 15:40:43,137 - INFO - Loaded portfolio: Cash=Rs.10000.00, Holdings=0 positions
2025-07-23 15:40:43,137 - INFO - Loaded 0 trades from trade log
2025-07-23 15:40:43,152 - INFO - Initializing Stock Trading Bot for Indian market...
2025-07-23 15:40:43,153 - INFO - Trading bot initialized successfully
2025-07-23 15:40:43,155 - INFO - Trading bot initialized on startup
2025-07-23 15:40:51,712 - WARNING - Error fetching current prices: Too Many Requests. Rate limited. Try after a while.
2025-07-23 15:40:51,712 - ERROR - Error getting portfolio metrics: 'qty'
2025-07-23 15:40:53,809 - WARNING - Error fetching current prices: Too Many Requests. Rate limited. Try after a while.
2025-07-23 15:40:53,810 - ERROR - Error getting portfolio metrics: 'qty'
2025-07-23 15:40:55,163 - WARNING - Error fetching current prices: Too Many Requests. Rate limited. Try after a while.
2025-07-23 15:40:55,163 - ERROR - Error getting portfolio metrics: 'qty'
2025-07-23 15:41:21,742 - WARNING - Error fetching current prices: Too Many Requests. Rate limited. Try after a while.
2025-07-23 15:41:21,743 - ERROR - Error getting portfolio metrics: 'qty'
2025-07-23 15:41:51,516 - WARNING - Error fetching current prices: Too Many Requests. Rate limited. Try after a while.
2025-07-23 15:41:51,517 - ERROR - Error getting portfolio metrics: 'qty'
2025-07-23 15:42:22,016 - WARNING - Error fetching current prices: Too Many Requests. Rate limited. Try after a while.
2025-07-23 15:42:22,017 - ERROR - Error getting portfolio metrics: 'qty'
2025-07-23 15:42:22,130 - INFO - Trading bot is already stopped
2025-07-23 15:42:22,133 - INFO - Data backup created at: backend\data\backup_20250723_154222
2025-07-23 15:42:22,135 - INFO - Trading bot stopped on shutdown
2025-07-23 15:42:22,136 - INFO - Web server stopped by user
2025-07-23 15:50:46,532 - INFO - All required data files found in centralized folder: backend\data
2025-07-23 15:50:46,533 - INFO - DataManager initialized with data directory: backend\data
2025-07-23 15:50:46,556 - INFO - Loaded portfolio: Cash=Rs.10000.00, Holdings=0 positions
2025-07-23 15:50:46,556 - INFO - Loaded 0 trades from trade log
2025-07-23 15:50:46,573 - INFO - Initializing Stock Trading Bot for Indian market...
2025-07-23 15:50:46,574 - INFO - Trading bot initialized successfully
2025-07-23 15:50:46,575 - INFO - Starting FastAPI web server on http://127.0.0.1:5000
2025-07-23 15:50:46,575 - INFO - Web interface will be available at the above URL
2025-07-23 15:50:46,575 - INFO - API documentation available at http://{host}:{port}/docs
2025-07-23 15:50:46,627 - INFO - Loaded portfolio: Cash=Rs.10000.00, Holdings=0 positions
2025-07-23 15:50:46,628 - INFO - Loaded 0 trades from trade log
2025-07-23 15:50:46,643 - INFO - Initializing Stock Trading Bot for Indian market...
2025-07-23 15:50:46,644 - INFO - Trading bot initialized successfully
2025-07-23 15:50:46,646 - INFO - Trading bot initialized on startup
2025-07-23 15:51:30,533 - WARNING - Error fetching current prices: Too Many Requests. Rate limited. Try after a while.
2025-07-23 15:51:30,533 - ERROR - Error getting portfolio metrics: 'qty'
2025-07-23 15:51:32,777 - WARNING - Error fetching current prices: Too Many Requests. Rate limited. Try after a while.
2025-07-23 15:51:32,777 - ERROR - Error getting portfolio metrics: 'qty'
2025-07-23 15:51:43,041 - WARNING - Error fetching current prices: Too Many Requests. Rate limited. Try after a while.
2025-07-23 15:51:43,041 - ERROR - Error getting portfolio metrics: 'qty'
2025-07-23 15:52:00,903 - WARNING - Error fetching current prices: Too Many Requests. Rate limited. Try after a while.
2025-07-23 15:52:00,904 - ERROR - Error getting portfolio metrics: 'qty'
2025-07-23 15:52:30,631 - WARNING - Error fetching current prices: Too Many Requests. Rate limited. Try after a while.
2025-07-23 15:52:30,631 - ERROR - Error getting portfolio metrics: 'qty'
2025-07-23 15:52:42,790 - WARNING - Error fetching current prices: Too Many Requests. Rate limited. Try after a while.
2025-07-23 15:52:42,790 - ERROR - Error getting portfolio metrics: 'qty'
2025-07-23 15:52:59,998 - WARNING - Error fetching current prices: Too Many Requests. Rate limited. Try after a while.
2025-07-23 15:52:59,998 - ERROR - Error getting portfolio metrics: 'qty'
2025-07-23 15:53:31,863 - WARNING - Error fetching current prices: Too Many Requests. Rate limited. Try after a while.
2025-07-23 15:53:31,863 - ERROR - Error getting portfolio metrics: 'qty'
2025-07-23 15:53:42,722 - WARNING - Error fetching current prices: Too Many Requests. Rate limited. Try after a while.
2025-07-23 15:53:42,722 - ERROR - Error getting portfolio metrics: 'qty'
2025-07-23 15:55:30,056 - INFO - Loaded portfolio: Cash=Rs.10000.00, Holdings=0 positions
2025-07-23 15:55:30,056 - INFO - Loaded 0 trades from trade log
2025-07-23 15:55:30,073 - INFO - Initializing Stock Trading Bot for Indian market...
2025-07-23 15:55:30,074 - INFO - Trading bot initialized successfully
2025-07-23 15:55:30,075 - INFO - Starting FastAPI web server on http://127.0.0.1:5000
2025-07-23 15:55:30,075 - INFO - Web interface will be available at the above URL
2025-07-23 15:55:30,075 - INFO - API documentation available at http://{host}:{port}/docs
2025-07-23 15:55:30,110 - INFO - Loaded portfolio: Cash=Rs.10000.00, Holdings=0 positions
2025-07-23 15:55:30,111 - INFO - Loaded 0 trades from trade log
2025-07-23 15:55:30,124 - INFO - Initializing Stock Trading Bot for Indian market...
2025-07-23 15:55:30,125 - INFO - Trading bot initialized successfully
2025-07-23 15:55:30,126 - INFO - Trading bot initialized on startup
2025-07-23 15:55:30,126 - INFO - Trading bot is already stopped
2025-07-23 15:55:30,126 - INFO - Trading bot stopped on shutdown
2025-07-23 15:55:50,907 - INFO - Loaded portfolio: Cash=Rs.10000.00, Holdings=0 positions
2025-07-23 15:55:50,907 - INFO - Loaded 0 trades from trade log
2025-07-23 15:55:50,922 - INFO - Initializing Stock Trading Bot for Indian market...
2025-07-23 15:55:50,923 - INFO - Trading bot initialized successfully
2025-07-23 15:55:50,923 - INFO - Starting FastAPI web server on http://127.0.0.1:5000
2025-07-23 15:55:50,924 - INFO - Web interface will be available at the above URL
2025-07-23 15:55:50,924 - INFO - API documentation available at http://{host}:{port}/docs
2025-07-23 15:55:50,958 - INFO - Loaded portfolio: Cash=Rs.10000.00, Holdings=0 positions
2025-07-23 15:55:50,959 - INFO - Loaded 0 trades from trade log
2025-07-23 15:55:50,973 - INFO - Initializing Stock Trading Bot for Indian market...
2025-07-23 15:55:50,974 - INFO - Trading bot initialized successfully
2025-07-23 15:55:50,974 - INFO - Trading bot initialized on startup
2025-07-23 15:56:11,635 - WARNING - Trade log file not found
2025-07-23 15:56:11,636 - WARNING - Trade log file not found
2025-07-23 15:56:11,649 - WARNING - Trade log file not found
2025-07-23 15:56:11,649 - WARNING - Trade log file not found
2025-07-23 15:56:42,305 - WARNING - Trade log file not found
2025-07-23 15:56:42,305 - WARNING - Trade log file not found
2025-07-23 15:56:51,951 - INFO - Trading bot is already stopped
2025-07-23 15:56:51,951 - INFO - Trading bot stopped on shutdown
2025-07-23 15:56:51,952 - INFO - Web server stopped by user
2025-07-23 17:13:37,607 - INFO - Loaded portfolio: Cash=Rs.10000.00, Holdings=0 positions
2025-07-23 17:13:37,608 - INFO - Loaded 0 trades from trade log
2025-07-23 17:13:37,625 - INFO - Initializing Stock Trading Bot for Indian market...
2025-07-23 17:13:37,625 - INFO - Trading bot initialized successfully
2025-07-23 17:13:37,625 - INFO - Starting FastAPI web server on http://127.0.0.1:5000
2025-07-23 17:13:37,625 - INFO - Web interface will be available at the above URL
2025-07-23 17:13:37,625 - INFO - API documentation available at http://{host}:{port}/docs
2025-07-23 17:13:37,661 - INFO - Loaded portfolio: Cash=Rs.10000.00, Holdings=0 positions
2025-07-23 17:13:37,662 - INFO - Loaded 0 trades from trade log
2025-07-23 17:13:37,671 - INFO - Initializing Stock Trading Bot for Indian market...
2025-07-23 17:13:37,671 - INFO - Trading bot initialized successfully
2025-07-23 17:13:37,671 - INFO - Trading bot initialized on startup
2025-07-23 17:19:19,257 - INFO - Trading bot is already stopped
2025-07-23 17:19:19,257 - INFO - Trading bot stopped on shutdown
2025-07-23 17:19:19,258 - INFO - Web server stopped by user
