2025-07-22 11:00:05,448 - INFO - Loaded portfolio: Cash=Rs.10000.00, Holdings=0 positions
2025-07-22 11:00:05,449 - INFO - Loaded 0 trades from trade log
2025-07-22 11:00:05,458 - INFO - Initializing Stock Trading Bot for Indian market...
2025-07-22 11:00:05,460 - INFO - Trading bot initialized successfully
2025-07-22 11:00:05,460 - INFO - Starting FastAPI web server on http://127.0.0.1:5000
2025-07-22 11:00:05,461 - INFO - Web interface will be available at the above URL
2025-07-22 11:00:05,461 - INFO - API documentation available at http://{host}:{port}/docs
2025-07-22 11:00:05,511 - INFO - Loaded portfolio: Cash=Rs.10000.00, Holdings=0 positions
2025-07-22 11:00:05,513 - INFO - Loaded 0 trades from trade log
2025-07-22 11:00:05,528 - INFO - Initializing Stock Trading Bot for Indian market...
2025-07-22 11:00:05,530 - INFO - Trading bot initialized successfully
2025-07-22 11:00:05,530 - INFO - Trading bot initialized on startup
2025-07-22 11:09:17,654 - INFO - Loaded portfolio: Cash=Rs.10000.00, Holdings=0 positions
2025-07-22 11:09:17,654 - INFO - Loaded 0 trades from trade log
2025-07-22 11:09:17,684 - INFO - Initializing Stock Trading Bot for Indian market...
2025-07-22 11:09:17,686 - INFO - Trading bot initialized successfully
2025-07-22 11:09:17,686 - INFO - Starting FastAPI web server on http://127.0.0.1:5000
2025-07-22 11:09:17,686 - INFO - Web interface will be available at the above URL
2025-07-22 11:09:17,686 - INFO - API documentation available at http://{host}:{port}/docs
2025-07-22 11:09:17,737 - INFO - Loaded portfolio: Cash=Rs.10000.00, Holdings=0 positions
2025-07-22 11:09:17,738 - INFO - Loaded 0 trades from trade log
2025-07-22 11:09:17,748 - INFO - Initializing Stock Trading Bot for Indian market...
2025-07-22 11:09:17,749 - INFO - Trading bot initialized successfully
2025-07-22 11:09:17,750 - INFO - Trading bot initialized on startup
2025-07-22 11:10:13,310 - INFO - Looking for portfolio file at: C:\Users\Admin\Desktop\project\backend\data\portfolio_india_paper.json
2025-07-22 11:10:13,310 - INFO - Portfolio file found, reading data...
2025-07-22 11:10:13,311 - INFO - Portfolio data loaded: {'cash': 10000, 'holdings': {}}
2025-07-22 11:11:13,622 - INFO - Looking for portfolio file at: C:\Users\Admin\Desktop\project\backend\data\portfolio_india_paper.json
2025-07-22 11:11:13,622 - INFO - Portfolio file found, reading data...
2025-07-22 11:11:13,623 - INFO - Portfolio data loaded: {'cash': 10000, 'holdings': {}}
2025-07-22 11:11:25,915 - INFO - Looking for portfolio file at: C:\Users\Admin\Desktop\project\backend\data\portfolio_india_paper.json
2025-07-22 11:11:25,915 - INFO - Portfolio file found, reading data...
2025-07-22 11:11:25,915 - INFO - Portfolio data loaded: {'cash': 10000, 'holdings': {}}
2025-07-22 11:11:47,621 - INFO - Looking for portfolio file at: C:\Users\Admin\Desktop\project\backend\data\portfolio_india_paper.json
2025-07-22 11:11:47,621 - INFO - Portfolio file found, reading data...
2025-07-22 11:11:47,622 - INFO - Portfolio data loaded: {'cash': 10000, 'holdings': {}}
2025-07-22 11:12:17,313 - INFO - Looking for portfolio file at: C:\Users\Admin\Desktop\project\backend\data\portfolio_india_paper.json
2025-07-22 11:12:17,314 - INFO - Portfolio file found, reading data...
2025-07-22 11:12:17,314 - INFO - Portfolio data loaded: {'cash': 10000, 'holdings': {}}
2025-07-22 11:12:47,190 - INFO - Looking for portfolio file at: C:\Users\Admin\Desktop\project\backend\data\portfolio_india_paper.json
2025-07-22 11:12:47,190 - INFO - Portfolio file found, reading data...
2025-07-22 11:12:47,191 - INFO - Portfolio data loaded: {'cash': 10000, 'holdings': {}}
2025-07-22 11:12:47,624 - INFO - Looking for portfolio file at: C:\Users\Admin\Desktop\project\backend\data\portfolio_india_paper.json
2025-07-22 11:12:47,624 - INFO - Portfolio file found, reading data...
2025-07-22 11:12:47,625 - INFO - Portfolio data loaded: {'cash': 10000, 'holdings': {}}
2025-07-22 11:13:17,308 - INFO - Looking for portfolio file at: C:\Users\Admin\Desktop\project\backend\data\portfolio_india_paper.json
2025-07-22 11:13:17,309 - INFO - Portfolio file found, reading data...
2025-07-22 11:13:17,309 - INFO - Portfolio data loaded: {'cash': 10000, 'holdings': {}}
2025-07-22 11:13:29,615 - INFO - Looking for portfolio file at: C:\Users\Admin\Desktop\project\backend\data\portfolio_india_paper.json
2025-07-22 11:13:29,616 - INFO - Portfolio file found, reading data...
2025-07-22 11:13:29,616 - INFO - Portfolio data loaded: {'cash': 10000, 'holdings': {}}
2025-07-22 11:14:13,627 - INFO - Looking for portfolio file at: C:\Users\Admin\Desktop\project\backend\data\portfolio_india_paper.json
2025-07-22 11:14:13,627 - INFO - Portfolio file found, reading data...
2025-07-22 11:14:13,627 - INFO - Portfolio data loaded: {'cash': 10000, 'holdings': {}}
2025-07-22 11:15:13,313 - INFO - Looking for portfolio file at: C:\Users\Admin\Desktop\project\backend\data\portfolio_india_paper.json
2025-07-22 11:15:13,313 - INFO - Portfolio file found, reading data...
2025-07-22 11:15:13,313 - INFO - Portfolio data loaded: {'cash': 10000, 'holdings': {}}
2025-07-22 11:16:13,620 - INFO - Looking for portfolio file at: C:\Users\Admin\Desktop\project\backend\data\portfolio_india_paper.json
2025-07-22 11:16:13,620 - INFO - Portfolio file found, reading data...
2025-07-22 11:16:13,620 - INFO - Portfolio data loaded: {'cash': 10000, 'holdings': {}}
2025-07-22 11:16:34,204 - INFO - Loaded portfolio: Cash=Rs.10000.00, Holdings=0 positions
2025-07-22 11:16:34,204 - INFO - Loaded 0 trades from trade log
2025-07-22 11:16:34,220 - INFO - Initializing Stock Trading Bot for Indian market...
2025-07-22 11:16:34,222 - INFO - Trading bot initialized successfully
2025-07-22 11:16:34,222 - INFO - Starting FastAPI web server on http://127.0.0.1:5000
2025-07-22 11:16:34,222 - INFO - Web interface will be available at the above URL
2025-07-22 11:16:34,222 - INFO - API documentation available at http://{host}:{port}/docs
2025-07-22 11:16:34,265 - INFO - Loaded portfolio: Cash=Rs.10000.00, Holdings=0 positions
2025-07-22 11:16:34,265 - INFO - Loaded 0 trades from trade log
2025-07-22 11:16:34,279 - INFO - Initializing Stock Trading Bot for Indian market...
2025-07-22 11:16:34,281 - INFO - Trading bot initialized successfully
2025-07-22 11:16:34,281 - INFO - Trading bot initialized on startup
2025-07-22 11:17:13,320 - INFO - Looking for portfolio file at: C:\Users\Admin\Desktop\project\data\portfolio_india_paper.json
2025-07-22 11:17:13,320 - INFO - Portfolio file found, reading data...
2025-07-22 11:17:13,321 - INFO - Portfolio data loaded: {'cash': 5534.6, 'holdings': {'HDFCBANK.NS': {'qty': 1, 'avg_price': 2000.5}, 'HINDUNILVR.NS': {'qty': 1, 'avg_price': 2464.9}}, 'starting_balance': 10000, 'realized_pnl': 0, 'unrealized_pnl': 0}
2025-07-22 11:17:25,283 - INFO - Looking for portfolio file at: C:\Users\Admin\Desktop\project\data\portfolio_india_paper.json
2025-07-22 11:17:25,284 - INFO - Portfolio file found, reading data...
2025-07-22 11:17:25,284 - INFO - Portfolio data loaded: {'cash': 5534.6, 'holdings': {'HDFCBANK.NS': {'qty': 1, 'avg_price': 2000.5}, 'HINDUNILVR.NS': {'qty': 1, 'avg_price': 2464.9}}, 'starting_balance': 10000, 'realized_pnl': 0, 'unrealized_pnl': 0}
2025-07-22 11:17:27,952 - INFO - Looking for portfolio file at: C:\Users\Admin\Desktop\project\data\portfolio_india_paper.json
2025-07-22 11:17:27,952 - INFO - Portfolio file found, reading data...
2025-07-22 11:17:27,952 - INFO - Portfolio data loaded: {'cash': 5534.6, 'holdings': {'HDFCBANK.NS': {'qty': 1, 'avg_price': 2000.5}, 'HINDUNILVR.NS': {'qty': 1, 'avg_price': 2464.9}}, 'starting_balance': 10000, 'realized_pnl': 0, 'unrealized_pnl': 0}
2025-07-22 11:17:29,741 - INFO - Looking for portfolio file at: C:\Users\Admin\Desktop\project\data\portfolio_india_paper.json
2025-07-22 11:17:29,742 - INFO - Portfolio file found, reading data...
2025-07-22 11:17:29,742 - INFO - Portfolio data loaded: {'cash': 5534.6, 'holdings': {'HDFCBANK.NS': {'qty': 1, 'avg_price': 2000.5}, 'HINDUNILVR.NS': {'qty': 1, 'avg_price': 2464.9}}, 'starting_balance': 10000, 'realized_pnl': 0, 'unrealized_pnl': 0}
2025-07-22 11:17:30,164 - INFO - Looking for portfolio file at: C:\Users\Admin\Desktop\project\data\portfolio_india_paper.json
2025-07-22 11:17:30,164 - INFO - Portfolio file found, reading data...
2025-07-22 11:17:30,164 - INFO - Portfolio data loaded: {'cash': 5534.6, 'holdings': {'HDFCBANK.NS': {'qty': 1, 'avg_price': 2000.5}, 'HINDUNILVR.NS': {'qty': 1, 'avg_price': 2464.9}}, 'starting_balance': 10000, 'realized_pnl': 0, 'unrealized_pnl': 0}
2025-07-22 11:17:57,410 - INFO - Looking for portfolio file at: C:\Users\Admin\Desktop\project\data\portfolio_india_paper.json
2025-07-22 11:17:57,410 - INFO - Portfolio file found, reading data...
2025-07-22 11:17:57,411 - INFO - Portfolio data loaded: {'cash': 5534.6, 'holdings': {'HDFCBANK.NS': {'qty': 1, 'avg_price': 2000.5}, 'HINDUNILVR.NS': {'qty': 1, 'avg_price': 2464.9}}, 'starting_balance': 10000, 'realized_pnl': 0, 'unrealized_pnl': 0}
2025-07-22 11:18:00,614 - INFO - Looking for portfolio file at: C:\Users\Admin\Desktop\project\data\portfolio_india_paper.json
2025-07-22 11:18:00,614 - INFO - Portfolio file found, reading data...
2025-07-22 11:18:00,614 - INFO - Portfolio data loaded: {'cash': 5534.6, 'holdings': {'HDFCBANK.NS': {'qty': 1, 'avg_price': 2000.5}, 'HINDUNILVR.NS': {'qty': 1, 'avg_price': 2464.9}}, 'starting_balance': 10000, 'realized_pnl': 0, 'unrealized_pnl': 0}
2025-07-22 11:18:03,704 - INFO - Looking for portfolio file at: C:\Users\Admin\Desktop\project\data\portfolio_india_paper.json
2025-07-22 11:18:03,705 - INFO - Portfolio file found, reading data...
2025-07-22 11:18:03,705 - INFO - Portfolio data loaded: {'cash': 5534.6, 'holdings': {'HDFCBANK.NS': {'qty': 1, 'avg_price': 2000.5}, 'HINDUNILVR.NS': {'qty': 1, 'avg_price': 2464.9}}, 'starting_balance': 10000, 'realized_pnl': 0, 'unrealized_pnl': 0}
2025-07-22 11:18:04,066 - INFO - Looking for portfolio file at: C:\Users\Admin\Desktop\project\data\portfolio_india_paper.json
2025-07-22 11:18:04,066 - INFO - Portfolio file found, reading data...
2025-07-22 11:18:04,067 - INFO - Portfolio data loaded: {'cash': 5534.6, 'holdings': {'HDFCBANK.NS': {'qty': 1, 'avg_price': 2000.5}, 'HINDUNILVR.NS': {'qty': 1, 'avg_price': 2464.9}}, 'starting_balance': 10000, 'realized_pnl': 0, 'unrealized_pnl': 0}
2025-07-22 11:18:34,017 - INFO - Looking for portfolio file at: C:\Users\Admin\Desktop\project\data\portfolio_india_paper.json
2025-07-22 11:18:34,018 - INFO - Portfolio file found, reading data...
2025-07-22 11:18:34,018 - INFO - Portfolio data loaded: {'cash': 5534.6, 'holdings': {'HDFCBANK.NS': {'qty': 1, 'avg_price': 2000.5}, 'HINDUNILVR.NS': {'qty': 1, 'avg_price': 2464.9}}, 'starting_balance': 10000, 'realized_pnl': 0, 'unrealized_pnl': 0}
2025-07-22 11:19:03,706 - INFO - Looking for portfolio file at: C:\Users\Admin\Desktop\project\data\portfolio_india_paper.json
2025-07-22 11:19:03,707 - INFO - Portfolio file found, reading data...
2025-07-22 11:19:03,707 - INFO - Portfolio data loaded: {'cash': 5534.6, 'holdings': {'HDFCBANK.NS': {'qty': 1, 'avg_price': 2000.5}, 'HINDUNILVR.NS': {'qty': 1, 'avg_price': 2464.9}}, 'starting_balance': 10000, 'realized_pnl': 0, 'unrealized_pnl': 0}
2025-07-22 11:19:33,965 - INFO - Looking for portfolio file at: C:\Users\Admin\Desktop\project\data\portfolio_india_paper.json
2025-07-22 11:19:33,965 - INFO - Portfolio file found, reading data...
2025-07-22 11:19:33,966 - INFO - Portfolio data loaded: {'cash': 5534.6, 'holdings': {'HDFCBANK.NS': {'qty': 1, 'avg_price': 2000.5}, 'HINDUNILVR.NS': {'qty': 1, 'avg_price': 2464.9}}, 'starting_balance': 10000, 'realized_pnl': 0, 'unrealized_pnl': 0}
2025-07-22 11:19:34,499 - INFO - Looking for portfolio file at: C:\Users\Admin\Desktop\project\data\portfolio_india_paper.json
2025-07-22 11:19:34,500 - INFO - Portfolio file found, reading data...
2025-07-22 11:19:34,500 - INFO - Portfolio data loaded: {'cash': 5534.6, 'holdings': {'HDFCBANK.NS': {'qty': 1, 'avg_price': 2000.5}, 'HINDUNILVR.NS': {'qty': 1, 'avg_price': 2464.9}}, 'starting_balance': 10000, 'realized_pnl': 0, 'unrealized_pnl': 0}
2025-07-22 11:19:34,859 - INFO - Looking for portfolio file at: C:\Users\Admin\Desktop\project\data\portfolio_india_paper.json
2025-07-22 11:19:34,859 - INFO - Portfolio file found, reading data...
2025-07-22 11:19:34,859 - INFO - Portfolio data loaded: {'cash': 5534.6, 'holdings': {'HDFCBANK.NS': {'qty': 1, 'avg_price': 2000.5}, 'HINDUNILVR.NS': {'qty': 1, 'avg_price': 2464.9}}, 'starting_balance': 10000, 'realized_pnl': 0, 'unrealized_pnl': 0}
2025-07-22 11:20:04,626 - INFO - Looking for portfolio file at: C:\Users\Admin\Desktop\project\data\portfolio_india_paper.json
2025-07-22 11:20:04,626 - INFO - Portfolio file found, reading data...
2025-07-22 11:20:04,627 - INFO - Portfolio data loaded: {'cash': 5534.6, 'holdings': {'HDFCBANK.NS': {'qty': 1, 'avg_price': 2000.5}, 'HINDUNILVR.NS': {'qty': 1, 'avg_price': 2464.9}}, 'starting_balance': 10000, 'realized_pnl': 0, 'unrealized_pnl': 0}
2025-07-22 11:20:34,306 - INFO - Looking for portfolio file at: C:\Users\Admin\Desktop\project\data\portfolio_india_paper.json
2025-07-22 11:20:34,307 - INFO - Portfolio file found, reading data...
2025-07-22 11:20:34,307 - INFO - Portfolio data loaded: {'cash': 5534.6, 'holdings': {'HDFCBANK.NS': {'qty': 1, 'avg_price': 2000.5}, 'HINDUNILVR.NS': {'qty': 1, 'avg_price': 2464.9}}, 'starting_balance': 10000, 'realized_pnl': 0, 'unrealized_pnl': 0}
2025-07-22 11:21:04,614 - INFO - Looking for portfolio file at: C:\Users\Admin\Desktop\project\data\portfolio_india_paper.json
2025-07-22 11:21:04,614 - INFO - Portfolio file found, reading data...
2025-07-22 11:21:04,614 - INFO - Portfolio data loaded: {'cash': 5534.6, 'holdings': {'HDFCBANK.NS': {'qty': 1, 'avg_price': 2000.5}, 'HINDUNILVR.NS': {'qty': 1, 'avg_price': 2464.9}}, 'starting_balance': 10000, 'realized_pnl': 0, 'unrealized_pnl': 0}
2025-07-22 11:21:34,316 - INFO - Looking for portfolio file at: C:\Users\Admin\Desktop\project\data\portfolio_india_paper.json
2025-07-22 11:21:34,316 - INFO - Portfolio file found, reading data...
2025-07-22 11:21:34,316 - INFO - Portfolio data loaded: {'cash': 5534.6, 'holdings': {'HDFCBANK.NS': {'qty': 1, 'avg_price': 2000.5}, 'HINDUNILVR.NS': {'qty': 1, 'avg_price': 2464.9}}, 'starting_balance': 10000, 'realized_pnl': 0, 'unrealized_pnl': 0}
2025-07-22 11:22:04,623 - INFO - Looking for portfolio file at: C:\Users\Admin\Desktop\project\data\portfolio_india_paper.json
2025-07-22 11:22:04,623 - INFO - Portfolio file found, reading data...
2025-07-22 11:22:04,624 - INFO - Portfolio data loaded: {'cash': 5534.6, 'holdings': {'HDFCBANK.NS': {'qty': 1, 'avg_price': 2000.5}, 'HINDUNILVR.NS': {'qty': 1, 'avg_price': 2464.9}}, 'starting_balance': 10000, 'realized_pnl': 0, 'unrealized_pnl': 0}
2025-07-22 11:22:34,724 - INFO - Looking for portfolio file at: C:\Users\Admin\Desktop\project\data\portfolio_india_paper.json
2025-07-22 11:22:34,724 - INFO - Portfolio file found, reading data...
2025-07-22 11:22:34,725 - INFO - Portfolio data loaded: {'cash': 5534.6, 'holdings': {'HDFCBANK.NS': {'qty': 1, 'avg_price': 2000.5}, 'HINDUNILVR.NS': {'qty': 1, 'avg_price': 2464.9}}, 'starting_balance': 10000, 'realized_pnl': 0, 'unrealized_pnl': 0}
2025-07-22 11:23:13,610 - INFO - Looking for portfolio file at: C:\Users\Admin\Desktop\project\data\portfolio_india_paper.json
2025-07-22 11:23:13,611 - INFO - Portfolio file found, reading data...
2025-07-22 11:23:13,611 - INFO - Portfolio data loaded: {'cash': 5534.6, 'holdings': {'HDFCBANK.NS': {'qty': 1, 'avg_price': 2000.5}, 'HINDUNILVR.NS': {'qty': 1, 'avg_price': 2464.9}}, 'starting_balance': 10000, 'realized_pnl': 0, 'unrealized_pnl': 0}
2025-07-22 11:24:13,308 - INFO - Looking for portfolio file at: C:\Users\Admin\Desktop\project\data\portfolio_india_paper.json
2025-07-22 11:24:13,308 - INFO - Portfolio file found, reading data...
2025-07-22 11:24:13,309 - INFO - Portfolio data loaded: {'cash': 5534.6, 'holdings': {'HDFCBANK.NS': {'qty': 1, 'avg_price': 2000.5}, 'HINDUNILVR.NS': {'qty': 1, 'avg_price': 2464.9}}, 'starting_balance': 10000, 'realized_pnl': 0, 'unrealized_pnl': 0}
2025-07-22 11:25:13,623 - INFO - Looking for portfolio file at: C:\Users\Admin\Desktop\project\data\portfolio_india_paper.json
2025-07-22 11:25:13,624 - INFO - Portfolio file found, reading data...
2025-07-22 11:25:13,624 - INFO - Portfolio data loaded: {'cash': 5534.6, 'holdings': {'HDFCBANK.NS': {'qty': 1, 'avg_price': 2000.5}, 'HINDUNILVR.NS': {'qty': 1, 'avg_price': 2464.9}}, 'starting_balance': 10000, 'realized_pnl': 0, 'unrealized_pnl': 0}
2025-07-22 11:25:55,988 - INFO - Looking for portfolio file at: C:\Users\Admin\Desktop\project\data\portfolio_india_paper.json
2025-07-22 11:25:55,989 - INFO - Portfolio file found, reading data...
2025-07-22 11:25:55,989 - INFO - Portfolio data loaded: {'cash': 5534.6, 'holdings': {'HDFCBANK.NS': {'qty': 1, 'avg_price': 2000.5}, 'HINDUNILVR.NS': {'qty': 1, 'avg_price': 2464.9}}, 'starting_balance': 10000, 'realized_pnl': 0, 'unrealized_pnl': 0}
2025-07-22 11:26:04,625 - INFO - Looking for portfolio file at: C:\Users\Admin\Desktop\project\data\portfolio_india_paper.json
2025-07-22 11:26:04,626 - INFO - Portfolio file found, reading data...
2025-07-22 11:26:04,626 - INFO - Portfolio data loaded: {'cash': 5534.6, 'holdings': {'HDFCBANK.NS': {'qty': 1, 'avg_price': 2000.5}, 'HINDUNILVR.NS': {'qty': 1, 'avg_price': 2464.9}}, 'starting_balance': 10000, 'realized_pnl': 0, 'unrealized_pnl': 0}
2025-07-22 11:26:34,319 - INFO - Looking for portfolio file at: C:\Users\Admin\Desktop\project\data\portfolio_india_paper.json
2025-07-22 11:26:34,319 - INFO - Portfolio file found, reading data...
2025-07-22 11:26:34,319 - INFO - Portfolio data loaded: {'cash': 5534.6, 'holdings': {'HDFCBANK.NS': {'qty': 1, 'avg_price': 2000.5}, 'HINDUNILVR.NS': {'qty': 1, 'avg_price': 2464.9}}, 'starting_balance': 10000, 'realized_pnl': 0, 'unrealized_pnl': 0}
2025-07-22 11:27:15,500 - INFO - Looking for portfolio file at: C:\Users\Admin\Desktop\project\data\portfolio_india_paper.json
2025-07-22 11:27:15,500 - INFO - Portfolio file found, reading data...
2025-07-22 11:27:15,501 - INFO - Portfolio data loaded: {'cash': 5534.6, 'holdings': {'HDFCBANK.NS': {'qty': 1, 'avg_price': 2000.5}, 'HINDUNILVR.NS': {'qty': 1, 'avg_price': 2464.9}}, 'starting_balance': 10000, 'realized_pnl': 0, 'unrealized_pnl': 0}
2025-07-22 11:27:45,384 - INFO - Looking for portfolio file at: C:\Users\Admin\Desktop\project\data\portfolio_india_paper.json
2025-07-22 11:27:45,384 - INFO - Portfolio file found, reading data...
2025-07-22 11:27:45,385 - INFO - Portfolio data loaded: {'cash': 5534.6, 'holdings': {'HDFCBANK.NS': {'qty': 1, 'avg_price': 2000.5}, 'HINDUNILVR.NS': {'qty': 1, 'avg_price': 2464.9}}, 'starting_balance': 10000, 'realized_pnl': 0, 'unrealized_pnl': 0}
2025-07-22 11:28:04,595 - INFO - Looking for portfolio file at: C:\Users\Admin\Desktop\project\data\portfolio_india_paper.json
2025-07-22 11:28:04,595 - INFO - Portfolio file found, reading data...
2025-07-22 11:28:04,595 - INFO - Portfolio data loaded: {'cash': 5534.6, 'holdings': {'HDFCBANK.NS': {'qty': 1, 'avg_price': 2000.5}, 'HINDUNILVR.NS': {'qty': 1, 'avg_price': 2464.9}}, 'starting_balance': 10000, 'realized_pnl': 0, 'unrealized_pnl': 0}
2025-07-22 11:28:34,322 - INFO - Looking for portfolio file at: C:\Users\Admin\Desktop\project\data\portfolio_india_paper.json
2025-07-22 11:28:34,322 - INFO - Portfolio file found, reading data...
2025-07-22 11:28:34,323 - INFO - Portfolio data loaded: {'cash': 5534.6, 'holdings': {'HDFCBANK.NS': {'qty': 1, 'avg_price': 2000.5}, 'HINDUNILVR.NS': {'qty': 1, 'avg_price': 2464.9}}, 'starting_balance': 10000, 'realized_pnl': 0, 'unrealized_pnl': 0}
2025-07-22 11:29:04,616 - INFO - Looking for portfolio file at: C:\Users\Admin\Desktop\project\data\portfolio_india_paper.json
2025-07-22 11:29:04,616 - INFO - Portfolio file found, reading data...
2025-07-22 11:29:04,617 - INFO - Portfolio data loaded: {'cash': 5534.6, 'holdings': {'HDFCBANK.NS': {'qty': 1, 'avg_price': 2000.5}, 'HINDUNILVR.NS': {'qty': 1, 'avg_price': 2464.9}}, 'starting_balance': 10000, 'realized_pnl': 0, 'unrealized_pnl': 0}
2025-07-22 11:29:50,122 - INFO - Looking for portfolio file at: C:\Users\Admin\Desktop\project\data\portfolio_india_paper.json
2025-07-22 11:29:50,122 - INFO - Portfolio file found, reading data...
2025-07-22 11:29:50,123 - INFO - Portfolio data loaded: {'cash': 5534.6, 'holdings': {'HDFCBANK.NS': {'qty': 1, 'avg_price': 2000.5}, 'HINDUNILVR.NS': {'qty': 1, 'avg_price': 2464.9}}, 'starting_balance': 10000, 'realized_pnl': 0, 'unrealized_pnl': 0}
2025-07-22 11:30:04,625 - INFO - Looking for portfolio file at: C:\Users\Admin\Desktop\project\data\portfolio_india_paper.json
2025-07-22 11:30:04,626 - INFO - Portfolio file found, reading data...
2025-07-22 11:30:04,626 - INFO - Portfolio data loaded: {'cash': 5534.6, 'holdings': {'HDFCBANK.NS': {'qty': 1, 'avg_price': 2000.5}, 'HINDUNILVR.NS': {'qty': 1, 'avg_price': 2464.9}}, 'starting_balance': 10000, 'realized_pnl': 0, 'unrealized_pnl': 0}
2025-07-22 11:30:34,319 - INFO - Looking for portfolio file at: C:\Users\Admin\Desktop\project\data\portfolio_india_paper.json
2025-07-22 11:30:34,319 - INFO - Portfolio file found, reading data...
2025-07-22 11:30:34,319 - INFO - Portfolio data loaded: {'cash': 5534.6, 'holdings': {'HDFCBANK.NS': {'qty': 1, 'avg_price': 2000.5}, 'HINDUNILVR.NS': {'qty': 1, 'avg_price': 2464.9}}, 'starting_balance': 10000, 'realized_pnl': 0, 'unrealized_pnl': 0}
2025-07-22 11:30:56,383 - INFO - Looking for portfolio file at: C:\Users\Admin\Desktop\project\data\portfolio_india_paper.json
2025-07-22 11:30:56,384 - INFO - Portfolio file found, reading data...
2025-07-22 11:30:56,384 - INFO - Portfolio data loaded: {'cash': 5534.6, 'holdings': {'HDFCBANK.NS': {'qty': 1, 'avg_price': 2000.5}, 'HINDUNILVR.NS': {'qty': 1, 'avg_price': 2464.9}}, 'starting_balance': 10000, 'realized_pnl': 0, 'unrealized_pnl': 0}
2025-07-22 11:31:04,285 - INFO - Looking for portfolio file at: C:\Users\Admin\Desktop\project\data\portfolio_india_paper.json
2025-07-22 11:31:04,285 - INFO - Portfolio file found, reading data...
2025-07-22 11:31:04,286 - INFO - Portfolio data loaded: {'cash': 5534.6, 'holdings': {'HDFCBANK.NS': {'qty': 1, 'avg_price': 2000.5}, 'HINDUNILVR.NS': {'qty': 1, 'avg_price': 2464.9}}, 'starting_balance': 10000, 'realized_pnl': 0, 'unrealized_pnl': 0}
2025-07-22 11:31:11,887 - INFO - Looking for portfolio file at: C:\Users\Admin\Desktop\project\data\portfolio_india_paper.json
2025-07-22 11:31:11,887 - INFO - Portfolio file found, reading data...
2025-07-22 11:31:11,888 - INFO - Portfolio data loaded: {'cash': 5534.6, 'holdings': {'HDFCBANK.NS': {'qty': 1, 'avg_price': 2000.5}, 'HINDUNILVR.NS': {'qty': 1, 'avg_price': 2464.9}}, 'starting_balance': 10000, 'realized_pnl': 0, 'unrealized_pnl': 0}
2025-07-22 11:31:34,310 - INFO - Looking for portfolio file at: C:\Users\Admin\Desktop\project\data\portfolio_india_paper.json
2025-07-22 11:31:34,310 - INFO - Portfolio file found, reading data...
2025-07-22 11:31:34,311 - INFO - Portfolio data loaded: {'cash': 5534.6, 'holdings': {'HDFCBANK.NS': {'qty': 1, 'avg_price': 2000.5}, 'HINDUNILVR.NS': {'qty': 1, 'avg_price': 2464.9}}, 'starting_balance': 10000, 'realized_pnl': 0, 'unrealized_pnl': 0}
2025-07-22 11:32:04,299 - INFO - Looking for portfolio file at: C:\Users\Admin\Desktop\project\data\portfolio_india_paper.json
2025-07-22 11:32:04,300 - INFO - Portfolio file found, reading data...
2025-07-22 11:32:04,300 - INFO - Portfolio data loaded: {'cash': 5534.6, 'holdings': {'HDFCBANK.NS': {'qty': 1, 'avg_price': 2000.5}, 'HINDUNILVR.NS': {'qty': 1, 'avg_price': 2464.9}}, 'starting_balance': 10000, 'realized_pnl': 0, 'unrealized_pnl': 0}
2025-07-22 11:33:04,665 - INFO - Loaded portfolio: Cash=Rs.10000.00, Holdings=0 positions
2025-07-22 11:33:04,666 - INFO - Loaded 0 trades from trade log
2025-07-22 11:33:04,682 - INFO - Initializing Stock Trading Bot for Indian market...
2025-07-22 11:33:04,683 - INFO - Trading bot initialized successfully
2025-07-22 11:33:04,684 - INFO - Starting FastAPI web server on http://127.0.0.1:5000
2025-07-22 11:33:04,684 - INFO - Web interface will be available at the above URL
2025-07-22 11:33:04,684 - INFO - API documentation available at http://{host}:{port}/docs
2025-07-22 11:33:04,729 - INFO - Loaded portfolio: Cash=Rs.10000.00, Holdings=0 positions
2025-07-22 11:33:04,730 - INFO - Loaded 0 trades from trade log
2025-07-22 11:33:04,744 - INFO - Initializing Stock Trading Bot for Indian market...
2025-07-22 11:33:04,745 - INFO - Trading bot initialized successfully
2025-07-22 11:33:04,746 - INFO - Trading bot initialized on startup
2025-07-22 11:37:19,710 - INFO - Loaded portfolio: Cash=Rs.10000.00, Holdings=0 positions
2025-07-22 11:37:19,710 - INFO - Loaded 0 trades from trade log
2025-07-22 11:37:19,726 - INFO - Initializing Stock Trading Bot for Indian market...
2025-07-22 11:37:19,727 - INFO - Trading bot initialized successfully
2025-07-22 11:37:19,727 - INFO - Starting FastAPI web server on http://127.0.0.1:5000
2025-07-22 11:37:19,728 - INFO - Web interface will be available at the above URL
2025-07-22 11:37:19,728 - INFO - API documentation available at http://{host}:{port}/docs
2025-07-22 11:37:19,775 - INFO - Loaded portfolio: Cash=Rs.10000.00, Holdings=0 positions
2025-07-22 11:37:19,776 - INFO - Loaded 0 trades from trade log
2025-07-22 11:37:19,792 - INFO - Initializing Stock Trading Bot for Indian market...
2025-07-22 11:37:19,793 - INFO - Trading bot initialized successfully
2025-07-22 11:37:19,793 - INFO - Trading bot initialized on startup
2025-07-22 12:17:14,249 - INFO - Loaded portfolio: Cash=Rs.10000.00, Holdings=0 positions
2025-07-22 12:17:14,250 - INFO - Loaded 0 trades from trade log
2025-07-22 12:17:14,305 - INFO - Initializing Stock Trading Bot for Indian market...
2025-07-22 12:17:14,307 - INFO - Trading bot initialized successfully
2025-07-22 12:17:14,307 - INFO - Starting FastAPI web server on http://0.0.0.0:5000
2025-07-22 12:17:14,307 - INFO - Web interface will be available at the above URL
2025-07-22 12:17:14,307 - INFO - API documentation available at http://{host}:{port}/docs
2025-07-22 12:17:14,373 - INFO - Loaded portfolio: Cash=Rs.10000.00, Holdings=0 positions
2025-07-22 12:17:14,374 - INFO - Loaded 0 trades from trade log
2025-07-22 12:17:14,394 - INFO - Initializing Stock Trading Bot for Indian market...
2025-07-22 12:17:14,395 - INFO - Trading bot initialized successfully
2025-07-22 12:17:14,395 - INFO - Trading bot initialized on startup
2025-07-22 12:17:38,665 - INFO - Loaded portfolio: Cash=Rs.10000.00, Holdings=0 positions
2025-07-22 12:17:38,665 - INFO - Loaded 0 trades from trade log
2025-07-22 12:17:38,685 - INFO - Initializing Stock Trading Bot for Indian market...
2025-07-22 12:17:38,687 - INFO - Trading bot initialized successfully
2025-07-22 12:17:38,687 - INFO - Starting FastAPI web server on http://0.0.0.0:5000
2025-07-22 12:17:38,687 - INFO - Web interface will be available at the above URL
2025-07-22 12:17:38,687 - INFO - API documentation available at http://{host}:{port}/docs
2025-07-22 12:17:38,748 - INFO - Loaded portfolio: Cash=Rs.10000.00, Holdings=0 positions
2025-07-22 12:17:38,750 - INFO - Loaded 0 trades from trade log
2025-07-22 12:17:38,770 - INFO - Initializing Stock Trading Bot for Indian market...
2025-07-22 12:17:38,772 - INFO - Trading bot initialized successfully
2025-07-22 12:17:38,772 - INFO - Trading bot initialized on startup
2025-07-22 12:20:22,325 - ERROR - $HDFCBANK.NS: possibly delisted; no price data found  (period=1d)
2025-07-22 12:20:32,338 - ERROR - $HINDUNILVR.NS: possibly delisted; no price data found  (period=1d)
2025-07-22 12:20:42,349 - ERROR - $HDFCBANK.NS: possibly delisted; no price data found  (period=1d)
2025-07-22 12:20:52,357 - ERROR - $HINDUNILVR.NS: possibly delisted; no price data found  (period=1d)
2025-07-22 14:24:53,331 - ERROR - $HDFCBANK.NS: possibly delisted; no price data found  (period=1d)
2025-07-22 14:25:03,351 - ERROR - $HINDUNILVR.NS: possibly delisted; no price data found  (period=1d)
2025-07-22 14:25:23,738 - ERROR - $HDFCBANK.NS: possibly delisted; no price data found  (period=1d)
2025-07-22 14:25:23,742 - ERROR - $HINDUNILVR.NS: possibly delisted; no price data found  (period=1d)
2025-07-22 14:25:23,750 - ERROR - $HDFCBANK.NS: possibly delisted; no price data found  (period=1d)
2025-07-22 14:25:23,754 - ERROR - $HINDUNILVR.NS: possibly delisted; no price data found  (period=1d)
2025-07-22 14:25:42,362 - ERROR - $HDFCBANK.NS: possibly delisted; no price data found  (period=1d)
2025-07-22 14:25:42,367 - ERROR - $HINDUNILVR.NS: possibly delisted; no price data found  (period=1d)
2025-07-22 14:26:24,393 - ERROR - $HDFCBANK.NS: possibly delisted; no price data found  (period=1d)
2025-07-22 14:26:24,397 - ERROR - $HINDUNILVR.NS: possibly delisted; no price data found  (period=1d)
2025-07-22 14:26:43,316 - ERROR - $HDFCBANK.NS: possibly delisted; no price data found  (period=1d)
2025-07-22 14:26:43,318 - ERROR - $HINDUNILVR.NS: possibly delisted; no price data found  (period=1d)
2025-07-22 14:27:13,633 - ERROR - $HDFCBANK.NS: possibly delisted; no price data found  (period=1d)
2025-07-22 14:27:13,635 - ERROR - $HINDUNILVR.NS: possibly delisted; no price data found  (period=1d)
2025-07-22 14:27:13,881 - ERROR - $HDFCBANK.NS: possibly delisted; no price data found  (period=1d)
2025-07-22 14:27:13,883 - ERROR - $HINDUNILVR.NS: possibly delisted; no price data found  (period=1d)
2025-07-22 14:28:24,374 - ERROR - $HDFCBANK.NS: possibly delisted; no price data found  (period=1d)
2025-07-22 14:28:24,376 - ERROR - $HINDUNILVR.NS: possibly delisted; no price data found  (period=1d)
2025-07-22 14:29:13,632 - ERROR - $HDFCBANK.NS: possibly delisted; no price data found  (period=1d)
2025-07-22 14:29:13,637 - ERROR - $HINDUNILVR.NS: possibly delisted; no price data found  (period=1d)
2025-07-22 14:29:13,895 - ERROR - $HDFCBANK.NS: possibly delisted; no price data found  (period=1d)
2025-07-22 14:29:13,899 - ERROR - $HINDUNILVR.NS: possibly delisted; no price data found  (period=1d)
2025-07-22 14:33:23,614 - ERROR - $HDFCBANK.NS: possibly delisted; no price data found  (period=1d)
2025-07-22 14:33:43,816 - ERROR - $HINDUNILVR.NS: possibly delisted; no price data found  (period=1d)
2025-07-22 14:34:24,384 - ERROR - $HDFCBANK.NS: possibly delisted; no price data found  (period=1d)
2025-07-22 14:34:24,386 - ERROR - $HINDUNILVR.NS: possibly delisted; no price data found  (period=1d)
2025-07-22 14:35:24,701 - ERROR - $HDFCBANK.NS: possibly delisted; no price data found  (period=1d)
2025-07-22 14:35:35,771 - ERROR - $HINDUNILVR.NS: possibly delisted; no price data found  (period=1d)
2025-07-22 14:36:13,307 - ERROR - $HDFCBANK.NS: possibly delisted; no price data found  (period=1d)
2025-07-22 14:36:13,344 - ERROR - $HINDUNILVR.NS: possibly delisted; no price data found  (period=1d)
2025-07-22 14:37:13,656 - ERROR - $HDFCBANK.NS: possibly delisted; no price data found  (period=1d)
2025-07-22 14:37:13,666 - ERROR - $HINDUNILVR.NS: possibly delisted; no price data found  (period=1d)
2025-07-22 14:38:13,307 - ERROR - $HDFCBANK.NS: possibly delisted; no price data found  (period=1d)
2025-07-22 14:38:13,311 - ERROR - $HINDUNILVR.NS: possibly delisted; no price data found  (period=1d)
2025-07-22 14:39:13,616 - ERROR - $HDFCBANK.NS: possibly delisted; no price data found  (period=1d)
2025-07-22 14:39:13,620 - ERROR - $HINDUNILVR.NS: possibly delisted; no price data found  (period=1d)
2025-07-22 14:40:13,320 - ERROR - $HDFCBANK.NS: possibly delisted; no price data found  (period=1d)
2025-07-22 14:40:13,328 - ERROR - $HINDUNILVR.NS: possibly delisted; no price data found  (period=1d)
2025-07-22 14:41:13,613 - ERROR - $HDFCBANK.NS: possibly delisted; no price data found  (period=1d)
2025-07-22 14:41:13,618 - ERROR - $HINDUNILVR.NS: possibly delisted; no price data found  (period=1d)
2025-07-22 14:42:13,333 - ERROR - $HDFCBANK.NS: possibly delisted; no price data found  (period=1d)
2025-07-22 14:42:13,367 - ERROR - $HINDUNILVR.NS: possibly delisted; no price data found  (period=1d)
2025-07-22 14:43:13,628 - ERROR - $HDFCBANK.NS: possibly delisted; no price data found  (period=1d)
2025-07-22 14:43:13,631 - ERROR - $HINDUNILVR.NS: possibly delisted; no price data found  (period=1d)
2025-07-22 14:44:13,311 - ERROR - $HDFCBANK.NS: possibly delisted; no price data found  (period=1d)
2025-07-22 14:44:13,315 - ERROR - $HINDUNILVR.NS: possibly delisted; no price data found  (period=1d)
2025-07-22 14:45:13,650 - ERROR - $HDFCBANK.NS: possibly delisted; no price data found  (period=1d)
2025-07-22 14:45:13,671 - ERROR - $HINDUNILVR.NS: possibly delisted; no price data found  (period=1d)
2025-07-22 14:46:13,314 - ERROR - $HDFCBANK.NS: possibly delisted; no price data found  (period=1d)
2025-07-22 14:46:13,318 - ERROR - $HINDUNILVR.NS: possibly delisted; no price data found  (period=1d)
2025-07-22 14:47:13,632 - ERROR - $HDFCBANK.NS: possibly delisted; no price data found  (period=1d)
2025-07-22 14:47:13,635 - ERROR - $HINDUNILVR.NS: possibly delisted; no price data found  (period=1d)
2025-07-22 14:48:13,320 - ERROR - $HDFCBANK.NS: possibly delisted; no price data found  (period=1d)
2025-07-22 14:48:13,325 - ERROR - $HINDUNILVR.NS: possibly delisted; no price data found  (period=1d)
2025-07-22 15:34:05,644 - INFO - Loaded portfolio: Cash=Rs.10000.00, Holdings=0 positions
2025-07-22 15:34:05,645 - INFO - Loaded 0 trades from trade log
2025-07-22 15:34:05,663 - INFO - Initializing Stock Trading Bot for Indian market...
2025-07-22 15:34:05,664 - INFO - Trading bot initialized successfully
2025-07-22 15:34:05,665 - INFO - Starting FastAPI web server on http://127.0.0.1:5000
2025-07-22 15:34:05,665 - INFO - Web interface will be available at the above URL
2025-07-22 15:34:05,665 - INFO - API documentation available at http://{host}:{port}/docs
2025-07-22 15:34:05,713 - INFO - Loaded portfolio: Cash=Rs.10000.00, Holdings=0 positions
2025-07-22 15:34:05,713 - INFO - Loaded 0 trades from trade log
2025-07-22 15:34:05,727 - INFO - Initializing Stock Trading Bot for Indian market...
2025-07-22 15:34:05,729 - INFO - Trading bot initialized successfully
2025-07-22 15:34:05,729 - INFO - Trading bot initialized on startup
2025-07-22 15:41:32,113 - INFO - Loaded portfolio: Cash=Rs.10000.00, Holdings=0 positions
2025-07-22 15:41:32,114 - INFO - Loaded 0 trades from trade log
2025-07-22 15:41:32,130 - INFO - Initializing Stock Trading Bot for Indian market...
2025-07-22 15:41:32,132 - INFO - Trading bot initialized successfully
2025-07-22 15:41:32,132 - INFO - Starting FastAPI web server on http://127.0.0.1:5000
2025-07-22 15:41:32,132 - INFO - Web interface will be available at the above URL
2025-07-22 15:41:32,132 - INFO - API documentation available at http://{host}:{port}/docs
2025-07-22 15:41:32,188 - INFO - Loaded portfolio: Cash=Rs.10000.00, Holdings=0 positions
2025-07-22 15:41:32,189 - INFO - Loaded 0 trades from trade log
2025-07-22 15:41:32,203 - INFO - Initializing Stock Trading Bot for Indian market...
2025-07-22 15:41:32,205 - INFO - Trading bot initialized successfully
2025-07-22 15:41:32,205 - INFO - Trading bot initialized on startup
2025-07-23 16:09:59,597 - INFO - Loaded portfolio: Cash=Rs.5534.60, Holdings=2 positions
2025-07-23 16:09:59,598 - INFO - Loaded 2 trades from trade log
2025-07-23 16:09:59,613 - INFO - Initializing Stock Trading Bot for Indian market...
2025-07-23 16:09:59,614 - INFO - Trading bot initialized successfully
2025-07-23 16:09:59,614 - INFO - Starting FastAPI web server on http://127.0.0.1:5000
2025-07-23 16:09:59,615 - INFO - Web interface will be available at the above URL
2025-07-23 16:09:59,615 - INFO - API documentation available at http://{host}:{port}/docs
2025-07-23 16:09:59,667 - INFO - Loaded portfolio: Cash=Rs.10000.00, Holdings=0 positions
2025-07-23 16:09:59,668 - INFO - Loaded 0 trades from trade log
2025-07-23 16:09:59,680 - INFO - Initializing Stock Trading Bot for Indian market...
2025-07-23 16:09:59,681 - INFO - Trading bot initialized successfully
2025-07-23 16:09:59,681 - INFO - Trading bot initialized on startup
2025-07-23 16:21:40,643 - INFO - Loaded portfolio: Cash=Rs.5534.60, Holdings=2 positions
2025-07-23 16:21:40,643 - INFO - Loaded 2 trades from trade log
2025-07-23 16:21:40,659 - INFO - Initializing Stock Trading Bot for Indian market...
2025-07-23 16:21:40,660 - INFO - Trading bot initialized successfully
2025-07-23 16:21:40,660 - INFO - Starting FastAPI web server on http://127.0.0.1:5000
2025-07-23 16:21:40,660 - INFO - Web interface will be available at the above URL
2025-07-23 16:21:40,660 - INFO - API documentation available at http://{host}:{port}/docs
2025-07-23 16:21:40,707 - INFO - Loaded portfolio: Cash=Rs.10000.00, Holdings=0 positions
2025-07-23 16:21:40,708 - INFO - Loaded 0 trades from trade log
2025-07-23 16:21:40,722 - INFO - Initializing Stock Trading Bot for Indian market...
2025-07-23 16:21:40,723 - INFO - Trading bot initialized successfully
2025-07-23 16:21:40,723 - INFO - Trading bot initialized on startup
2025-07-23 16:24:14,861 - INFO - Loaded portfolio: Cash=Rs.5534.60, Holdings=2 positions
2025-07-23 16:24:14,861 - INFO - Loaded 0 trades from trade log
2025-07-23 16:24:14,878 - INFO - Initializing Stock Trading Bot for Indian market...
2025-07-23 16:24:14,878 - INFO - Trading bot initialized successfully
2025-07-23 16:24:14,878 - INFO - Starting FastAPI web server on http://127.0.0.1:5000
2025-07-23 16:24:14,878 - INFO - Web interface will be available at the above URL
2025-07-23 16:24:14,879 - INFO - API documentation available at http://{host}:{port}/docs
2025-07-23 16:24:14,928 - INFO - Loaded portfolio: Cash=Rs.5534.60, Holdings=2 positions
2025-07-23 16:24:14,928 - INFO - Loaded 0 trades from trade log
2025-07-23 16:24:14,942 - INFO - Initializing Stock Trading Bot for Indian market...
2025-07-23 16:24:14,942 - INFO - Trading bot initialized successfully
2025-07-23 16:24:14,942 - INFO - Trading bot initialized on startup
2025-07-23 16:24:34,306 - WARNING - Error fetching current prices: Too Many Requests. Rate limited. Try after a while.
2025-07-23 16:24:36,063 - WARNING - Error fetching current prices: Too Many Requests. Rate limited. Try after a while.
2025-07-23 16:24:38,450 - WARNING - Error fetching current prices: Too Many Requests. Rate limited. Try after a while.
2025-07-23 16:27:05,346 - INFO - Loaded portfolio: Cash=Rs.5534.60, Holdings=2 positions
2025-07-23 16:27:05,347 - INFO - Loaded 2 trades from trade log
2025-07-23 16:27:05,364 - INFO - Initializing Stock Trading Bot for Indian market...
2025-07-23 16:27:05,365 - INFO - Trading bot initialized successfully
2025-07-23 16:27:05,365 - INFO - Starting FastAPI web server on http://127.0.0.1:5000
2025-07-23 16:27:05,365 - INFO - Web interface will be available at the above URL
2025-07-23 16:27:05,365 - INFO - API documentation available at http://{host}:{port}/docs
2025-07-23 16:27:05,415 - INFO - Loaded portfolio: Cash=Rs.5534.60, Holdings=2 positions
2025-07-23 16:27:05,416 - INFO - Loaded 2 trades from trade log
2025-07-23 16:27:05,431 - INFO - Initializing Stock Trading Bot for Indian market...
2025-07-23 16:27:05,432 - INFO - Trading bot initialized successfully
2025-07-23 16:27:05,432 - INFO - Trading bot initialized on startup
2025-07-23 16:27:15,142 - WARNING - Error fetching current prices: Too Many Requests. Rate limited. Try after a while.
2025-07-23 16:27:16,662 - WARNING - Error fetching current prices: Too Many Requests. Rate limited. Try after a while.
2025-07-23 16:27:32,351 - WARNING - Error fetching current prices: Too Many Requests. Rate limited. Try after a while.
2025-07-23 16:27:33,998 - WARNING - Error fetching current prices: Too Many Requests. Rate limited. Try after a while.
2025-07-23 16:28:00,796 - WARNING - Error fetching current prices: Too Many Requests. Rate limited. Try after a while.
2025-07-23 16:28:30,831 - WARNING - Error fetching current prices: Too Many Requests. Rate limited. Try after a while.
2025-07-23 16:29:01,684 - WARNING - Error fetching current prices: Too Many Requests. Rate limited. Try after a while.
2025-07-23 16:29:31,180 - WARNING - Error fetching current prices: Too Many Requests. Rate limited. Try after a while.
2025-07-23 16:30:00,782 - WARNING - Error fetching current prices: Too Many Requests. Rate limited. Try after a while.
2025-07-23 16:30:31,560 - WARNING - Error fetching current prices: Too Many Requests. Rate limited. Try after a while.
2025-07-23 16:31:01,998 - WARNING - Error fetching current prices: Too Many Requests. Rate limited. Try after a while.
2025-07-23 16:31:31,199 - WARNING - Error fetching current prices: Too Many Requests. Rate limited. Try after a while.
2025-07-23 16:32:01,255 - WARNING - Error fetching current prices: Too Many Requests. Rate limited. Try after a while.
2025-07-23 16:32:31,216 - WARNING - Error fetching current prices: Too Many Requests. Rate limited. Try after a while.
2025-07-23 16:33:01,214 - WARNING - Error fetching current prices: Too Many Requests. Rate limited. Try after a while.
2025-07-23 16:33:17,604 - INFO - Loaded portfolio: Cash=Rs.5534.60, Holdings=2 positions
2025-07-23 16:33:17,605 - INFO - Loaded 2 trades from trade log
2025-07-23 16:33:17,620 - INFO - Initializing Stock Trading Bot for Indian market...
2025-07-23 16:33:17,620 - INFO - Trading bot initialized successfully
2025-07-23 16:33:17,620 - INFO - Starting FastAPI web server on http://127.0.0.1:5000
2025-07-23 16:33:17,620 - INFO - Web interface will be available at the above URL
2025-07-23 16:33:17,621 - INFO - API documentation available at http://{host}:{port}/docs
2025-07-23 16:33:17,666 - INFO - Loaded portfolio: Cash=Rs.5534.60, Holdings=2 positions
2025-07-23 16:33:17,666 - INFO - Loaded 2 trades from trade log
2025-07-23 16:33:17,680 - INFO - Initializing Stock Trading Bot for Indian market...
2025-07-23 16:33:17,680 - INFO - Trading bot initialized successfully
2025-07-23 16:33:17,680 - INFO - Trading bot initialized on startup
2025-07-23 16:33:31,886 - WARNING - Error fetching current prices: Too Many Requests. Rate limited. Try after a while.
2025-07-23 16:34:38,953 - INFO - Loaded portfolio: Cash=Rs.5534.60, Holdings=2 positions
2025-07-23 16:34:38,954 - INFO - Loaded 2 trades from trade log
2025-07-23 16:34:38,969 - INFO - Initializing Stock Trading Bot for Indian market...
2025-07-23 16:34:38,970 - INFO - Trading bot initialized successfully
2025-07-23 16:34:38,970 - INFO - Starting FastAPI web server on http://127.0.0.1:5000
2025-07-23 16:34:38,970 - INFO - Web interface will be available at the above URL
2025-07-23 16:34:38,970 - INFO - API documentation available at http://{host}:{port}/docs
2025-07-23 16:34:39,020 - INFO - Loaded portfolio: Cash=Rs.5534.60, Holdings=2 positions
2025-07-23 16:34:39,021 - INFO - Loaded 2 trades from trade log
2025-07-23 16:34:39,034 - INFO - Initializing Stock Trading Bot for Indian market...
2025-07-23 16:34:39,034 - INFO - Trading bot initialized successfully
2025-07-23 16:34:39,034 - INFO - Trading bot initialized on startup
2025-07-23 16:34:52,462 - WARNING - Error fetching current prices: Too Many Requests. Rate limited. Try after a while.
2025-07-23 16:34:53,933 - WARNING - Error fetching current prices: Too Many Requests. Rate limited. Try after a while.
2025-07-23 16:35:24,082 - WARNING - Error fetching current prices: Too Many Requests. Rate limited. Try after a while.
2025-07-23 16:35:52,930 - WARNING - Error fetching current prices: Too Many Requests. Rate limited. Try after a while.
2025-07-23 16:36:23,736 - WARNING - Error fetching current prices: Too Many Requests. Rate limited. Try after a while.
2025-07-23 16:36:25,071 - WARNING - Error fetching current prices: Too Many Requests. Rate limited. Try after a while.
2025-07-23 16:36:52,907 - WARNING - Error fetching current prices: Too Many Requests. Rate limited. Try after a while.
2025-07-23 16:37:17,483 - WARNING - Error fetching current prices: Too Many Requests. Rate limited. Try after a while.
2025-07-23 16:37:22,676 - WARNING - Error fetching current prices: Too Many Requests. Rate limited. Try after a while.
2025-07-23 16:37:38,669 - INFO - Loaded portfolio: Cash=Rs.5534.60, Holdings=2 positions
2025-07-23 16:37:38,669 - INFO - Loaded 2 trades from trade log
2025-07-23 16:37:38,686 - INFO - Initializing Stock Trading Bot for Indian market...
2025-07-23 16:37:38,686 - INFO - Trading bot initialized successfully
2025-07-23 16:37:38,686 - INFO - Starting FastAPI web server on http://127.0.0.1:5000
2025-07-23 16:37:38,686 - INFO - Web interface will be available at the above URL
2025-07-23 16:37:38,686 - INFO - API documentation available at http://{host}:{port}/docs
2025-07-23 16:37:38,735 - INFO - Loaded portfolio: Cash=Rs.5534.60, Holdings=2 positions
2025-07-23 16:37:38,736 - INFO - Loaded 2 trades from trade log
2025-07-23 16:37:38,748 - INFO - Initializing Stock Trading Bot for Indian market...
2025-07-23 16:37:38,748 - INFO - Trading bot initialized successfully
2025-07-23 16:37:38,748 - INFO - Trading bot initialized on startup
2025-07-23 16:37:52,831 - WARNING - Error fetching current prices: Too Many Requests. Rate limited. Try after a while.
2025-07-23 16:38:00,050 - WARNING - Error fetching current prices: Too Many Requests. Rate limited. Try after a while.
2025-07-23 16:38:22,521 - WARNING - Error fetching current prices: Too Many Requests. Rate limited. Try after a while.
2025-07-23 16:38:24,233 - WARNING - Error fetching current prices: Too Many Requests. Rate limited. Try after a while.
2025-07-23 16:38:25,638 - WARNING - Error fetching current prices: Too Many Requests. Rate limited. Try after a while.
2025-07-23 16:38:38,418 - WARNING - Error fetching current prices: Too Many Requests. Rate limited. Try after a while.
2025-07-23 16:38:54,063 - WARNING - Error fetching current prices: Too Many Requests. Rate limited. Try after a while.
2025-07-23 16:39:00,130 - WARNING - Error fetching current prices: Too Many Requests. Rate limited. Try after a while.
2025-07-23 16:39:23,765 - WARNING - Error fetching current prices: Too Many Requests. Rate limited. Try after a while.
2025-07-23 16:39:34,586 - WARNING - Error fetching current prices: Too Many Requests. Rate limited. Try after a while.
2025-07-23 16:40:08,001 - INFO - Loaded portfolio: Cash=Rs.5534.60, Holdings=2 positions
2025-07-23 16:40:08,002 - INFO - Loaded 2 trades from trade log
2025-07-23 16:40:08,014 - INFO - Initializing Stock Trading Bot for Indian market...
2025-07-23 16:40:08,014 - INFO - Trading bot initialized successfully
2025-07-23 16:40:08,014 - INFO - Starting FastAPI web server on http://127.0.0.1:5000
2025-07-23 16:40:08,014 - INFO - Web interface will be available at the above URL
2025-07-23 16:40:08,015 - INFO - API documentation available at http://{host}:{port}/docs
2025-07-23 16:40:08,066 - INFO - Loaded portfolio: Cash=Rs.5534.60, Holdings=2 positions
2025-07-23 16:40:08,067 - INFO - Loaded 2 trades from trade log
2025-07-23 16:40:08,081 - INFO - Initializing Stock Trading Bot for Indian market...
2025-07-23 16:40:08,081 - INFO - Trading bot initialized successfully
2025-07-23 16:40:08,081 - INFO - Trading bot initialized on startup
2025-07-23 16:40:24,153 - WARNING - Error fetching current prices: Too Many Requests. Rate limited. Try after a while.
2025-07-23 16:40:53,877 - WARNING - Error fetching current prices: Too Many Requests. Rate limited. Try after a while.
2025-07-23 16:41:22,884 - WARNING - Error fetching current prices: Too Many Requests. Rate limited. Try after a while.
2025-07-23 16:41:39,171 - WARNING - Error fetching current prices: Too Many Requests. Rate limited. Try after a while.
2025-07-23 16:41:50,276 - WARNING - Error fetching current prices: Too Many Requests. Rate limited. Try after a while.
2025-07-23 16:41:51,555 - WARNING - Error fetching current prices: Too Many Requests. Rate limited. Try after a while.
2025-07-23 16:41:53,941 - WARNING - Error fetching current prices: Too Many Requests. Rate limited. Try after a while.
2025-07-23 16:42:21,206 - WARNING - Error fetching current prices: Too Many Requests. Rate limited. Try after a while.
2025-07-23 16:42:24,200 - WARNING - Error fetching current prices: Too Many Requests. Rate limited. Try after a while.
2025-07-23 16:42:52,522 - WARNING - Error fetching current prices: Too Many Requests. Rate limited. Try after a while.
2025-07-23 16:43:20,991 - WARNING - Error fetching current prices: Too Many Requests. Rate limited. Try after a while.
2025-07-23 16:43:42,689 - WARNING - Error fetching current prices: Too Many Requests. Rate limited. Try after a while.
2025-07-23 16:43:50,778 - WARNING - Error fetching current prices: Too Many Requests. Rate limited. Try after a while.
2025-07-23 16:44:20,647 - WARNING - Error fetching current prices: Too Many Requests. Rate limited. Try after a while.
2025-07-23 16:44:42,819 - WARNING - Error fetching current prices: Too Many Requests. Rate limited. Try after a while.
2025-07-23 16:44:50,786 - WARNING - Error fetching current prices: Too Many Requests. Rate limited. Try after a while.
2025-07-23 16:45:21,204 - WARNING - Error fetching current prices: Too Many Requests. Rate limited. Try after a while.
2025-07-23 16:45:42,714 - WARNING - Error fetching current prices: Too Many Requests. Rate limited. Try after a while.
2025-07-23 16:45:50,615 - WARNING - Error fetching current prices: Too Many Requests. Rate limited. Try after a while.
2025-07-23 16:46:21,269 - WARNING - Error fetching current prices: Too Many Requests. Rate limited. Try after a while.
2025-07-23 16:46:42,581 - WARNING - Error fetching current prices: Too Many Requests. Rate limited. Try after a while.
2025-07-23 16:46:50,947 - WARNING - Error fetching current prices: Too Many Requests. Rate limited. Try after a while.
2025-07-23 16:47:42,828 - WARNING - Error fetching current prices: Too Many Requests. Rate limited. Try after a while.
2025-07-23 16:47:44,339 - WARNING - Error fetching current prices: Too Many Requests. Rate limited. Try after a while.
2025-07-23 16:48:00,047 - WARNING - Error fetching current prices: Too Many Requests. Rate limited. Try after a while.
2025-07-23 16:48:01,547 - WARNING - Error fetching current prices: Too Many Requests. Rate limited. Try after a while.
2025-07-23 16:48:08,194 - WARNING - Error fetching current prices: Too Many Requests. Rate limited. Try after a while.
2025-07-23 16:48:09,426 - WARNING - Error fetching current prices: Too Many Requests. Rate limited. Try after a while.
2025-07-23 16:48:11,777 - WARNING - Error fetching current prices: Too Many Requests. Rate limited. Try after a while.
2025-07-23 16:48:13,738 - WARNING - Error fetching current prices: Too Many Requests. Rate limited. Try after a while.
2025-07-23 16:48:38,069 - WARNING - Error fetching current prices: Too Many Requests. Rate limited. Try after a while.
2025-07-23 16:49:09,248 - WARNING - Error fetching current prices: Too Many Requests. Rate limited. Try after a while.
2025-07-23 16:49:38,768 - WARNING - Error fetching current prices: Too Many Requests. Rate limited. Try after a while.
2025-07-23 16:50:08,573 - WARNING - Error fetching current prices: Too Many Requests. Rate limited. Try after a while.
2025-07-23 16:50:38,722 - WARNING - Error fetching current prices: Too Many Requests. Rate limited. Try after a while.
2025-07-23 16:50:58,631 - WARNING - Error fetching current prices: Too Many Requests. Rate limited. Try after a while.
2025-07-23 16:51:09,678 - WARNING - Error fetching current prices: Too Many Requests. Rate limited. Try after a while.
2025-07-23 16:51:31,438 - WARNING - Error fetching current prices: Too Many Requests. Rate limited. Try after a while.
2025-07-23 16:51:32,379 - WARNING - Error fetching current prices: Too Many Requests. Rate limited. Try after a while.
2025-07-23 16:52:01,619 - WARNING - Error fetching current prices: Too Many Requests. Rate limited. Try after a while.
2025-07-23 16:52:32,684 - WARNING - Error fetching current prices: Too Many Requests. Rate limited. Try after a while.
2025-07-23 16:53:03,209 - WARNING - Error fetching current prices: Too Many Requests. Rate limited. Try after a while.
2025-07-23 16:53:31,691 - WARNING - Error fetching current prices: Too Many Requests. Rate limited. Try after a while.
2025-07-23 16:54:01,295 - WARNING - Error fetching current prices: Too Many Requests. Rate limited. Try after a while.
2025-07-23 16:54:32,362 - WARNING - Error fetching current prices: Too Many Requests. Rate limited. Try after a while.
2025-07-23 16:55:02,623 - WARNING - Error fetching current prices: Too Many Requests. Rate limited. Try after a while.
2025-07-23 16:55:32,211 - WARNING - Error fetching current prices: Too Many Requests. Rate limited. Try after a while.
2025-07-23 16:56:02,420 - WARNING - Error fetching current prices: Too Many Requests. Rate limited. Try after a while.
2025-07-23 16:56:32,075 - WARNING - Error fetching current prices: Too Many Requests. Rate limited. Try after a while.
2025-07-23 16:57:44,588 - WARNING - Error fetching current prices: Too Many Requests. Rate limited. Try after a while.
2025-07-23 16:58:43,501 - WARNING - Error fetching current prices: Too Many Requests. Rate limited. Try after a while.
2025-07-23 16:59:43,173 - WARNING - Error fetching current prices: Too Many Requests. Rate limited. Try after a while.
2025-07-23 17:00:23,499 - WARNING - Error fetching current prices: Too Many Requests. Rate limited. Try after a while.
2025-07-23 17:00:26,008 - WARNING - Error fetching current prices: Too Many Requests. Rate limited. Try after a while.
2025-07-23 17:00:27,806 - WARNING - Error fetching current prices: Too Many Requests. Rate limited. Try after a while.
2025-07-23 17:00:56,620 - WARNING - Error fetching current prices: Too Many Requests. Rate limited. Try after a while.
2025-07-23 17:01:27,788 - WARNING - Error fetching current prices: Too Many Requests. Rate limited. Try after a while.
2025-07-23 17:01:56,332 - WARNING - Error fetching current prices: Too Many Requests. Rate limited. Try after a while.
2025-07-23 17:02:26,905 - WARNING - Error fetching current prices: Too Many Requests. Rate limited. Try after a while.
2025-07-23 17:02:56,446 - WARNING - Error fetching current prices: Too Many Requests. Rate limited. Try after a while.
2025-07-23 17:03:26,998 - WARNING - Error fetching current prices: Too Many Requests. Rate limited. Try after a while.
2025-07-23 17:04:43,712 - WARNING - Error fetching current prices: Too Many Requests. Rate limited. Try after a while.
2025-07-23 17:05:43,482 - WARNING - Error fetching current prices: Too Many Requests. Rate limited. Try after a while.
2025-07-23 17:06:42,462 - WARNING - Error fetching current prices: Too Many Requests. Rate limited. Try after a while.
2025-07-23 17:07:43,571 - WARNING - Error fetching current prices: Too Many Requests. Rate limited. Try after a while.
2025-07-23 17:08:42,395 - WARNING - Error fetching current prices: Too Many Requests. Rate limited. Try after a while.
2025-07-23 17:09:42,752 - WARNING - Error fetching current prices: Too Many Requests. Rate limited. Try after a while.
2025-07-23 17:10:42,468 - WARNING - Error fetching current prices: Too Many Requests. Rate limited. Try after a while.
2025-07-23 17:11:43,656 - WARNING - Error fetching current prices: Too Many Requests. Rate limited. Try after a while.
2025-07-23 17:12:42,615 - WARNING - Error fetching current prices: Too Many Requests. Rate limited. Try after a while.
2025-07-23 17:12:42,721 - INFO - Trading bot is already stopped
2025-07-23 17:12:42,721 - INFO - Trading bot stopped on shutdown
2025-07-23 17:12:42,722 - INFO - Web server stopped by user
2025-07-23 17:20:18,244 - INFO - Loaded portfolio: Cash=Rs.5534.60, Holdings=2 positions
2025-07-23 17:20:18,245 - INFO - Loaded 2 trades from trade log
2025-07-23 17:20:18,261 - INFO - Initializing Stock Trading Bot for Indian market...
2025-07-23 17:20:18,261 - INFO - Trading bot initialized successfully
2025-07-23 17:20:18,261 - INFO - Starting FastAPI web server on http://127.0.0.1:5000
2025-07-23 17:20:18,262 - INFO - Web interface will be available at the above URL
2025-07-23 17:20:18,262 - INFO - API documentation available at http://{host}:{port}/docs
2025-07-23 17:20:18,295 - INFO - Loaded portfolio: Cash=Rs.5534.60, Holdings=2 positions
2025-07-23 17:20:18,296 - INFO - Loaded 2 trades from trade log
2025-07-23 17:20:18,311 - INFO - Initializing Stock Trading Bot for Indian market...
2025-07-23 17:20:18,311 - INFO - Trading bot initialized successfully
2025-07-23 17:20:18,311 - INFO - Trading bot initialized on startup
2025-07-23 17:21:16,967 - INFO - Trading bot is already stopped
2025-07-23 17:21:16,967 - INFO - Trading bot stopped on shutdown
2025-07-23 17:21:16,968 - INFO - Web server stopped by user
